16:33:27 **** Build of configuration Debug for project NOVUS ****
make -j8 all 
arm-none-eabi-gcc "../Drivers/STM32G4xx_HAL_Driver/Src/stm32g4xx_hal.c" -mcpu=cortex-m4 -std=gnu11 -g3 -DDEBUG -DUSE_HAL_DRIVER -DSTM32G431xx -c -I../Core/Inc -I../Drivers/STM32G4xx_HAL_Driver/Inc -I../Drivers/STM32G4xx_HAL_Driver/Inc/Legacy -I../Drivers/CMSIS/Device/ST/STM32G4xx/Include -I../Drivers/CMSIS/Include -O0 -ffunction-sections -fdata-sections -Wall -fstack-usage -MMD -MP -MF"Drivers/STM32G4xx_HAL_Driver/Src/stm32g4xx_hal.d" -MT"Drivers/STM32G4xx_HAL_Driver/Src/stm32g4xx_hal.o" --specs=nano.specs -mfpu=fpv4-sp-d16 -mfloat-abi=hard -mthumb -o "Drivers/STM32G4xx_HAL_Driver/Src/stm32g4xx_hal.o"
arm-none-eabi-gcc "../Drivers/STM32G4xx_HAL_Driver/Src/stm32g4xx_hal_cortex.c" -mcpu=cortex-m4 -std=gnu11 -g3 -DDEBUG -DUSE_HAL_DRIVER -DSTM32G431xx -c -I../Core/Inc -I../Drivers/STM32G4xx_HAL_Driver/Inc -I../Drivers/STM32G4xx_HAL_Driver/Inc/Legacy -I../Drivers/CMSIS/Device/ST/STM32G4xx/Include -I../Drivers/CMSIS/Include -O0 -ffunction-sections -fdata-sections -Wall -fstack-usage -MMD -MP -MF"Drivers/STM32G4xx_HAL_Driver/Src/stm32g4xx_hal_cortex.d" -MT"Drivers/STM32G4xx_HAL_Driver/Src/stm32g4xx_hal_cortex.o" --specs=nano.specs -mfpu=fpv4-sp-d16 -mfloat-abi=hard -mthumb -o "Drivers/STM32G4xx_HAL_Driver/Src/stm32g4xx_hal_cortex.o"
arm-none-eabi-gcc "../Drivers/STM32G4xx_HAL_Driver/Src/stm32g4xx_hal_dma.c" -mcpu=cortex-m4 -std=gnu11 -g3 -DDEBUG -DUSE_HAL_DRIVER -DSTM32G431xx -c -I../Core/Inc -I../Drivers/STM32G4xx_HAL_Driver/Inc -I../Drivers/STM32G4xx_HAL_Driver/Inc/Legacy -I../Drivers/CMSIS/Device/ST/STM32G4xx/Include -I../Drivers/CMSIS/Include -O0 -ffunction-sections -fdata-sections -Wall -fstack-usage -MMD -MP -MF"Drivers/STM32G4xx_HAL_Driver/Src/stm32g4xx_hal_dma.d" -MT"Drivers/STM32G4xx_HAL_Driver/Src/stm32g4xx_hal_dma.o" --specs=nano.specs -mfpu=fpv4-sp-d16 -mfloat-abi=hard -mthumb -o "Drivers/STM32G4xx_HAL_Driver/Src/stm32g4xx_hal_dma.o"
arm-none-eabi-gcc "../Drivers/STM32G4xx_HAL_Driver/Src/stm32g4xx_hal_dma_ex.c" -mcpu=cortex-m4 -std=gnu11 -g3 -DDEBUG -DUSE_HAL_DRIVER -DSTM32G431xx -c -I../Core/Inc -I../Drivers/STM32G4xx_HAL_Driver/Inc -I../Drivers/STM32G4xx_HAL_Driver/Inc/Legacy -I../Drivers/CMSIS/Device/ST/STM32G4xx/Include -I../Drivers/CMSIS/Include -O0 -ffunction-sections -fdata-sections -Wall -fstack-usage -MMD -MP -MF"Drivers/STM32G4xx_HAL_Driver/Src/stm32g4xx_hal_dma_ex.d" -MT"Drivers/STM32G4xx_HAL_Driver/Src/stm32g4xx_hal_dma_ex.o" --specs=nano.specs -mfpu=fpv4-sp-d16 -mfloat-abi=hard -mthumb -o "Drivers/STM32G4xx_HAL_Driver/Src/stm32g4xx_hal_dma_ex.o"
arm-none-eabi-gcc "../Drivers/STM32G4xx_HAL_Driver/Src/stm32g4xx_hal_exti.c" -mcpu=cortex-m4 -std=gnu11 -g3 -DDEBUG -DUSE_HAL_DRIVER -DSTM32G431xx -c -I../Core/Inc -I../Drivers/STM32G4xx_HAL_Driver/Inc -I../Drivers/STM32G4xx_HAL_Driver/Inc/Legacy -I../Drivers/CMSIS/Device/ST/STM32G4xx/Include -I../Drivers/CMSIS/Include -O0 -ffunction-sections -fdata-sections -Wall -fstack-usage -MMD -MP -MF"Drivers/STM32G4xx_HAL_Driver/Src/stm32g4xx_hal_exti.d" -MT"Drivers/STM32G4xx_HAL_Driver/Src/stm32g4xx_hal_exti.o" --specs=nano.specs -mfpu=fpv4-sp-d16 -mfloat-abi=hard -mthumb -o "Drivers/STM32G4xx_HAL_Driver/Src/stm32g4xx_hal_exti.o"
arm-none-eabi-gcc "../Drivers/STM32G4xx_HAL_Driver/Src/stm32g4xx_hal_flash.c" -mcpu=cortex-m4 -std=gnu11 -g3 -DDEBUG -DUSE_HAL_DRIVER -DSTM32G431xx -c -I../Core/Inc -I../Drivers/STM32G4xx_HAL_Driver/Inc -I../Drivers/STM32G4xx_HAL_Driver/Inc/Legacy -I../Drivers/CMSIS/Device/ST/STM32G4xx/Include -I../Drivers/CMSIS/Include -O0 -ffunction-sections -fdata-sections -Wall -fstack-usage -MMD -MP -MF"Drivers/STM32G4xx_HAL_Driver/Src/stm32g4xx_hal_flash.d" -MT"Drivers/STM32G4xx_HAL_Driver/Src/stm32g4xx_hal_flash.o" --specs=nano.specs -mfpu=fpv4-sp-d16 -mfloat-abi=hard -mthumb -o "Drivers/STM32G4xx_HAL_Driver/Src/stm32g4xx_hal_flash.o"
arm-none-eabi-gcc "../Drivers/STM32G4xx_HAL_Driver/Src/stm32g4xx_hal_flash_ex.c" -mcpu=cortex-m4 -std=gnu11 -g3 -DDEBUG -DUSE_HAL_DRIVER -DSTM32G431xx -c -I../Core/Inc -I../Drivers/STM32G4xx_HAL_Driver/Inc -I../Drivers/STM32G4xx_HAL_Driver/Inc/Legacy -I../Drivers/CMSIS/Device/ST/STM32G4xx/Include -I../Drivers/CMSIS/Include -O0 -ffunction-sections -fdata-sections -Wall -fstack-usage -MMD -MP -MF"Drivers/STM32G4xx_HAL_Driver/Src/stm32g4xx_hal_flash_ex.d" -MT"Drivers/STM32G4xx_HAL_Driver/Src/stm32g4xx_hal_flash_ex.o" --specs=nano.specs -mfpu=fpv4-sp-d16 -mfloat-abi=hard -mthumb -o "Drivers/STM32G4xx_HAL_Driver/Src/stm32g4xx_hal_flash_ex.o"
arm-none-eabi-gcc "../Drivers/STM32G4xx_HAL_Driver/Src/stm32g4xx_hal_flash_ramfunc.c" -mcpu=cortex-m4 -std=gnu11 -g3 -DDEBUG -DUSE_HAL_DRIVER -DSTM32G431xx -c -I../Core/Inc -I../Drivers/STM32G4xx_HAL_Driver/Inc -I../Drivers/STM32G4xx_HAL_Driver/Inc/Legacy -I../Drivers/CMSIS/Device/ST/STM32G4xx/Include -I../Drivers/CMSIS/Include -O0 -ffunction-sections -fdata-sections -Wall -fstack-usage -MMD -MP -MF"Drivers/STM32G4xx_HAL_Driver/Src/stm32g4xx_hal_flash_ramfunc.d" -MT"Drivers/STM32G4xx_HAL_Driver/Src/stm32g4xx_hal_flash_ramfunc.o" --specs=nano.specs -mfpu=fpv4-sp-d16 -mfloat-abi=hard -mthumb -o "Drivers/STM32G4xx_HAL_Driver/Src/stm32g4xx_hal_flash_ramfunc.o"
arm-none-eabi-gcc "../Drivers/STM32G4xx_HAL_Driver/Src/stm32g4xx_hal_gpio.c" -mcpu=cortex-m4 -std=gnu11 -g3 -DDEBUG -DUSE_HAL_DRIVER -DSTM32G431xx -c -I../Core/Inc -I../Drivers/STM32G4xx_HAL_Driver/Inc -I../Drivers/STM32G4xx_HAL_Driver/Inc/Legacy -I../Drivers/CMSIS/Device/ST/STM32G4xx/Include -I../Drivers/CMSIS/Include -O0 -ffunction-sections -fdata-sections -Wall -fstack-usage -MMD -MP -MF"Drivers/STM32G4xx_HAL_Driver/Src/stm32g4xx_hal_gpio.d" -MT"Drivers/STM32G4xx_HAL_Driver/Src/stm32g4xx_hal_gpio.o" --specs=nano.specs -mfpu=fpv4-sp-d16 -mfloat-abi=hard -mthumb -o "Drivers/STM32G4xx_HAL_Driver/Src/stm32g4xx_hal_gpio.o"
arm-none-eabi-gcc "../Drivers/STM32G4xx_HAL_Driver/Src/stm32g4xx_hal_pwr.c" -mcpu=cortex-m4 -std=gnu11 -g3 -DDEBUG -DUSE_HAL_DRIVER -DSTM32G431xx -c -I../Core/Inc -I../Drivers/STM32G4xx_HAL_Driver/Inc -I../Drivers/STM32G4xx_HAL_Driver/Inc/Legacy -I../Drivers/CMSIS/Device/ST/STM32G4xx/Include -I../Drivers/CMSIS/Include -O0 -ffunction-sections -fdata-sections -Wall -fstack-usage -MMD -MP -MF"Drivers/STM32G4xx_HAL_Driver/Src/stm32g4xx_hal_pwr.d" -MT"Drivers/STM32G4xx_HAL_Driver/Src/stm32g4xx_hal_pwr.o" --specs=nano.specs -mfpu=fpv4-sp-d16 -mfloat-abi=hard -mthumb -o "Drivers/STM32G4xx_HAL_Driver/Src/stm32g4xx_hal_pwr.o"
arm-none-eabi-gcc "../Drivers/STM32G4xx_HAL_Driver/Src/stm32g4xx_hal_pwr_ex.c" -mcpu=cortex-m4 -std=gnu11 -g3 -DDEBUG -DUSE_HAL_DRIVER -DSTM32G431xx -c -I../Core/Inc -I../Drivers/STM32G4xx_HAL_Driver/Inc -I../Drivers/STM32G4xx_HAL_Driver/Inc/Legacy -I../Drivers/CMSIS/Device/ST/STM32G4xx/Include -I../Drivers/CMSIS/Include -O0 -ffunction-sections -fdata-sections -Wall -fstack-usage -MMD -MP -MF"Drivers/STM32G4xx_HAL_Driver/Src/stm32g4xx_hal_pwr_ex.d" -MT"Drivers/STM32G4xx_HAL_Driver/Src/stm32g4xx_hal_pwr_ex.o" --specs=nano.specs -mfpu=fpv4-sp-d16 -mfloat-abi=hard -mthumb -o "Drivers/STM32G4xx_HAL_Driver/Src/stm32g4xx_hal_pwr_ex.o"
arm-none-eabi-gcc "../Drivers/STM32G4xx_HAL_Driver/Src/stm32g4xx_hal_rcc.c" -mcpu=cortex-m4 -std=gnu11 -g3 -DDEBUG -DUSE_HAL_DRIVER -DSTM32G431xx -c -I../Core/Inc -I../Drivers/STM32G4xx_HAL_Driver/Inc -I../Drivers/STM32G4xx_HAL_Driver/Inc/Legacy -I../Drivers/CMSIS/Device/ST/STM32G4xx/Include -I../Drivers/CMSIS/Include -O0 -ffunction-sections -fdata-sections -Wall -fstack-usage -MMD -MP -MF"Drivers/STM32G4xx_HAL_Driver/Src/stm32g4xx_hal_rcc.d" -MT"Drivers/STM32G4xx_HAL_Driver/Src/stm32g4xx_hal_rcc.o" --specs=nano.specs -mfpu=fpv4-sp-d16 -mfloat-abi=hard -mthumb -o "Drivers/STM32G4xx_HAL_Driver/Src/stm32g4xx_hal_rcc.o"
arm-none-eabi-gcc "../Drivers/STM32G4xx_HAL_Driver/Src/stm32g4xx_hal_rcc_ex.c" -mcpu=cortex-m4 -std=gnu11 -g3 -DDEBUG -DUSE_HAL_DRIVER -DSTM32G431xx -c -I../Core/Inc -I../Drivers/STM32G4xx_HAL_Driver/Inc -I../Drivers/STM32G4xx_HAL_Driver/Inc/Legacy -I../Drivers/CMSIS/Device/ST/STM32G4xx/Include -I../Drivers/CMSIS/Include -O0 -ffunction-sections -fdata-sections -Wall -fstack-usage -MMD -MP -MF"Drivers/STM32G4xx_HAL_Driver/Src/stm32g4xx_hal_rcc_ex.d" -MT"Drivers/STM32G4xx_HAL_Driver/Src/stm32g4xx_hal_rcc_ex.o" --specs=nano.specs -mfpu=fpv4-sp-d16 -mfloat-abi=hard -mthumb -o "Drivers/STM32G4xx_HAL_Driver/Src/stm32g4xx_hal_rcc_ex.o"
arm-none-eabi-gcc "../Drivers/STM32G4xx_HAL_Driver/Src/stm32g4xx_hal_spi.c" -mcpu=cortex-m4 -std=gnu11 -g3 -DDEBUG -DUSE_HAL_DRIVER -DSTM32G431xx -c -I../Core/Inc -I../Drivers/STM32G4xx_HAL_Driver/Inc -I../Drivers/STM32G4xx_HAL_Driver/Inc/Legacy -I../Drivers/CMSIS/Device/ST/STM32G4xx/Include -I../Drivers/CMSIS/Include -O0 -ffunction-sections -fdata-sections -Wall -fstack-usage -MMD -MP -MF"Drivers/STM32G4xx_HAL_Driver/Src/stm32g4xx_hal_spi.d" -MT"Drivers/STM32G4xx_HAL_Driver/Src/stm32g4xx_hal_spi.o" --specs=nano.specs -mfpu=fpv4-sp-d16 -mfloat-abi=hard -mthumb -o "Drivers/STM32G4xx_HAL_Driver/Src/stm32g4xx_hal_spi.o"
arm-none-eabi-gcc "../Drivers/STM32G4xx_HAL_Driver/Src/stm32g4xx_hal_spi_ex.c" -mcpu=cortex-m4 -std=gnu11 -g3 -DDEBUG -DUSE_HAL_DRIVER -DSTM32G431xx -c -I../Core/Inc -I../Drivers/STM32G4xx_HAL_Driver/Inc -I../Drivers/STM32G4xx_HAL_Driver/Inc/Legacy -I../Drivers/CMSIS/Device/ST/STM32G4xx/Include -I../Drivers/CMSIS/Include -O0 -ffunction-sections -fdata-sections -Wall -fstack-usage -MMD -MP -MF"Drivers/STM32G4xx_HAL_Driver/Src/stm32g4xx_hal_spi_ex.d" -MT"Drivers/STM32G4xx_HAL_Driver/Src/stm32g4xx_hal_spi_ex.o" --specs=nano.specs -mfpu=fpv4-sp-d16 -mfloat-abi=hard -mthumb -o "Drivers/STM32G4xx_HAL_Driver/Src/stm32g4xx_hal_spi_ex.o"
arm-none-eabi-gcc "../Drivers/STM32G4xx_HAL_Driver/Src/stm32g4xx_hal_tim.c" -mcpu=cortex-m4 -std=gnu11 -g3 -DDEBUG -DUSE_HAL_DRIVER -DSTM32G431xx -c -I../Core/Inc -I../Drivers/STM32G4xx_HAL_Driver/Inc -I../Drivers/STM32G4xx_HAL_Driver/Inc/Legacy -I../Drivers/CMSIS/Device/ST/STM32G4xx/Include -I../Drivers/CMSIS/Include -O0 -ffunction-sections -fdata-sections -Wall -fstack-usage -MMD -MP -MF"Drivers/STM32G4xx_HAL_Driver/Src/stm32g4xx_hal_tim.d" -MT"Drivers/STM32G4xx_HAL_Driver/Src/stm32g4xx_hal_tim.o" --specs=nano.specs -mfpu=fpv4-sp-d16 -mfloat-abi=hard -mthumb -o "Drivers/STM32G4xx_HAL_Driver/Src/stm32g4xx_hal_tim.o"
arm-none-eabi-gcc "../Drivers/STM32G4xx_HAL_Driver/Src/stm32g4xx_hal_tim_ex.c" -mcpu=cortex-m4 -std=gnu11 -g3 -DDEBUG -DUSE_HAL_DRIVER -DSTM32G431xx -c -I../Core/Inc -I../Drivers/STM32G4xx_HAL_Driver/Inc -I../Drivers/STM32G4xx_HAL_Driver/Inc/Legacy -I../Drivers/CMSIS/Device/ST/STM32G4xx/Include -I../Drivers/CMSIS/Include -O0 -ffunction-sections -fdata-sections -Wall -fstack-usage -MMD -MP -MF"Drivers/STM32G4xx_HAL_Driver/Src/stm32g4xx_hal_tim_ex.d" -MT"Drivers/STM32G4xx_HAL_Driver/Src/stm32g4xx_hal_tim_ex.o" --specs=nano.specs -mfpu=fpv4-sp-d16 -mfloat-abi=hard -mthumb -o "Drivers/STM32G4xx_HAL_Driver/Src/stm32g4xx_hal_tim_ex.o"
arm-none-eabi-gcc "../Drivers/STM32G4xx_HAL_Driver/Src/stm32g4xx_hal_uart.c" -mcpu=cortex-m4 -std=gnu11 -g3 -DDEBUG -DUSE_HAL_DRIVER -DSTM32G431xx -c -I../Core/Inc -I../Drivers/STM32G4xx_HAL_Driver/Inc -I../Drivers/STM32G4xx_HAL_Driver/Inc/Legacy -I../Drivers/CMSIS/Device/ST/STM32G4xx/Include -I../Drivers/CMSIS/Include -O0 -ffunction-sections -fdata-sections -Wall -fstack-usage -MMD -MP -MF"Drivers/STM32G4xx_HAL_Driver/Src/stm32g4xx_hal_uart.d" -MT"Drivers/STM32G4xx_HAL_Driver/Src/stm32g4xx_hal_uart.o" --specs=nano.specs -mfpu=fpv4-sp-d16 -mfloat-abi=hard -mthumb -o "Drivers/STM32G4xx_HAL_Driver/Src/stm32g4xx_hal_uart.o"
arm-none-eabi-gcc "../Drivers/STM32G4xx_HAL_Driver/Src/stm32g4xx_hal_uart_ex.c" -mcpu=cortex-m4 -std=gnu11 -g3 -DDEBUG -DUSE_HAL_DRIVER -DSTM32G431xx -c -I../Core/Inc -I../Drivers/STM32G4xx_HAL_Driver/Inc -I../Drivers/STM32G4xx_HAL_Driver/Inc/Legacy -I../Drivers/CMSIS/Device/ST/STM32G4xx/Include -I../Drivers/CMSIS/Include -O0 -ffunction-sections -fdata-sections -Wall -fstack-usage -MMD -MP -MF"Drivers/STM32G4xx_HAL_Driver/Src/stm32g4xx_hal_uart_ex.d" -MT"Drivers/STM32G4xx_HAL_Driver/Src/stm32g4xx_hal_uart_ex.o" --specs=nano.specs -mfpu=fpv4-sp-d16 -mfloat-abi=hard -mthumb -o "Drivers/STM32G4xx_HAL_Driver/Src/stm32g4xx_hal_uart_ex.o"
arm-none-eabi-gcc -mcpu=cortex-m4 -g3 -c -x assembler-with-cpp -MMD -MP -MF"Core/Startup/startup_stm32g431kbtx.d" -MT"Core/Startup/startup_stm32g431kbtx.o" --specs=nano.specs -mfpu=fpv4-sp-d16 -mfloat-abi=hard -mthumb -o "Core/Startup/startup_stm32g431kbtx.o" "../Core/Startup/startup_stm32g431kbtx.s"
arm-none-eabi-gcc "../Core/Src/Controller/novus_math.c" -mcpu=cortex-m4 -std=gnu11 -g3 -DDEBUG -DUSE_HAL_DRIVER -DSTM32G431xx -c -I../Core/Inc -I../Drivers/STM32G4xx_HAL_Driver/Inc -I../Drivers/STM32G4xx_HAL_Driver/Inc/Legacy -I../Drivers/CMSIS/Device/ST/STM32G4xx/Include -I../Drivers/CMSIS/Include -O0 -ffunction-sections -fdata-sections -Wall -fstack-usage -MMD -MP -MF"Core/Src/Controller/novus_math.d" -MT"Core/Src/Controller/novus_math.o" --specs=nano.specs -mfpu=fpv4-sp-d16 -mfloat-abi=hard -mthumb -o "Core/Src/Controller/novus_math.o"
arm-none-eabi-gcc "../Core/Src/Controller/setup.c" -mcpu=cortex-m4 -std=gnu11 -g3 -DDEBUG -DUSE_HAL_DRIVER -DSTM32G431xx -c -I../Core/Inc -I../Drivers/STM32G4xx_HAL_Driver/Inc -I../Drivers/STM32G4xx_HAL_Driver/Inc/Legacy -I../Drivers/CMSIS/Device/ST/STM32G4xx/Include -I../Drivers/CMSIS/Include -O0 -ffunction-sections -fdata-sections -Wall -fstack-usage -MMD -MP -MF"Core/Src/Controller/setup.d" -MT"Core/Src/Controller/setup.o" --specs=nano.specs -mfpu=fpv4-sp-d16 -mfloat-abi=hard -mthumb -o "Core/Src/Controller/setup.o"
In file included from ../Core/Src/Controller/setup.c:19:
../Core/Inc/Controller/setup.h:140:23: error: unknown type name 'uint16_t'
  140 | float getStickPercent(uint16_t stick_pos);
      |                       ^~~~~~~~
../Core/Inc/Controller/setup.h:141:22: error: unknown type name 'uint16_t'
  141 | float getStickVector(uint16_t stick_pos);
      |                      ^~~~~~~~
../Core/Inc/Controller/setup.h:160:20: error: unknown type name 'RC'
  160 | SPT_Value setpoint(RC rc);
      |                    ^~
../Core/Inc/Controller/setup.h:162:16: error: unknown type name 'uint16_t'
  162 | float setSpeed(uint16_t throttle);
      |                ^~~~~~~~
../Core/Inc/Controller/setup.h:163:20: error: unknown type name 'uint16_t'
  163 | float setAmplitude(uint16_t roll_stick_pos, uint16_t pitch_stick_pos);
      |                    ^~~~~~~~
../Core/Inc/Controller/setup.h:163:45: error: unknown type name 'uint16_t'
  163 | float setAmplitude(uint16_t roll_stick_pos, uint16_t pitch_stick_pos);
      |                                             ^~~~~~~~
../Core/Inc/Controller/setup.h:164:22: error: unknown type name 'uint16_t'
  164 | float setCyclicShift(uint16_t roll_stick_pos, uint16_t pitch_stick_pos);
      |                      ^~~~~~~~
../Core/Inc/Controller/setup.h:164:47: error: unknown type name 'uint16_t'
  164 | float setCyclicShift(uint16_t roll_stick_pos, uint16_t pitch_stick_pos);
      |                                               ^~~~~~~~
../Core/Src/Controller/setup.c:96:23: error: unknown type name 'uint16_t'
   96 | float getStickPercent(uint16_t stick_pos){
      |                       ^~~~~~~~
../Core/Src/Controller/setup.c:109:22: error: unknown type name 'uint16_t'
  109 | float getStickVector(uint16_t stick_pos){
      |                      ^~~~~~~~
../Core/Src/Controller/setup.c:160:20: error: unknown type name 'RC'
  160 | SPT_Value setpoint(RC rc){
      |                    ^~
../Core/Src/Controller/setup.c:179:16: error: unknown type name 'uint16_t'
  179 | float setSpeed(uint16_t throttle){
      |                ^~~~~~~~
../Core/Src/Controller/setup.c:194:20: error: unknown type name 'uint16_t'
  194 | float setAmplitude(uint16_t roll_stick_pos, uint16_t pitch_stick_pos){
      |                    ^~~~~~~~
../Core/Src/Controller/setup.c:194:45: error: unknown type name 'uint16_t'
  194 | float setAmplitude(uint16_t roll_stick_pos, uint16_t pitch_stick_pos){
      |                                             ^~~~~~~~
../Core/Src/Controller/setup.c:211:22: error: unknown type name 'uint16_t'
  211 | float setCyclicShift(uint16_t roll_stick_pos, uint16_t pitch_stick_pos){
      |                      ^~~~~~~~
../Core/Src/Controller/setup.c:211:47: error: unknown type name 'uint16_t'
arm-none-eabi-g++ "../Core/Src/as5147.cpp" -mcpu=cortex-m4 -std=gnu++14 -g3 -DDEBUG -DUSE_HAL_DRIVER -DSTM32G431xx -c -I../Core/Inc -I../Drivers/STM32G4xx_HAL_Driver/Inc -I../Drivers/STM32G4xx_HAL_Driver/Inc/Legacy -I../Drivers/CMSIS/Device/ST/STM32G4xx/Include -I../Drivers/CMSIS/Include -O0 -ffunction-sections -fdata-sections -fno-exceptions -fno-rtti -fno-use-cxa-atexit -Wall -fstack-usage -MMD -MP -MF"Core/Src/as5147.d" -MT"Core/Src/as5147.o" --specs=nano.specs -mfpu=fpv4-sp-d16 -mfloat-abi=hard -mthumb -o "Core/Src/as5147.o"
  211 | float setCyclicShift(uint16_t roll_stick_pos, uint16_t pitch_stick_pos){
      |                                               ^~~~~~~~
arm-none-eabi-g++ "../Core/Src/main.cpp" -mcpu=cortex-m4 -std=gnu++14 -g3 -DDEBUG -DUSE_HAL_DRIVER -DSTM32G431xx -c -I../Core/Inc -I../Drivers/STM32G4xx_HAL_Driver/Inc -I../Drivers/STM32G4xx_HAL_Driver/Inc/Legacy -I../Drivers/CMSIS/Device/ST/STM32G4xx/Include -I../Drivers/CMSIS/Include -O0 -ffunction-sections -fdata-sections -fno-exceptions -fno-rtti -fno-use-cxa-atexit -Wall -fstack-usage -MMD -MP -MF"Core/Src/main.d" -MT"Core/Src/main.o" --specs=nano.specs -mfpu=fpv4-sp-d16 -mfloat-abi=hard -mthumb -o "Core/Src/main.o"
make: *** [Core/Src/Controller/subdir.mk:24: Core/Src/Controller/setup.o] Error 1
make: *** Waiting for unfinished jobs....
../Core/Src/as5147.cpp:18:15: error: expected constructor, destructor, or type conversion before '(' token
   18 | AS5147::AS5147(SPI_HangleTypeDef* hspi, GPIO_TypeDef* arg_ps, uint16_t arg_cs){
      |               ^
../Core/Src/as5147.cpp: In member function 'uint16_t AS5147::RawPos()':
../Core/Src/as5147.cpp:58:1: warning: no return statement in function returning non-void [-Wreturn-type]
   58 | }
      | ^
../Core/Src/as5147.cpp: At global scope:
../Core/Src/as5147.cpp:60:10: error: no declaration matches 'uint16_t AS5147::pos()'
   60 | uint16_t AS5147::pos(){
      |          ^~~~~~
In file included from ../Core/Src/as5147.cpp:13:
../Core/Inc/as5147.h:61:6: note: candidate is: 'int AS5147::pos()'
   61 |  int pos();
      |      ^~~
../Core/Inc/as5147.h:21:7: note: 'class AS5147' defined here
   21 | class AS5147{
      |       ^~~~~~
../Core/Src/as5147.cpp: In member function 'uint16_t AS5147::getState()':
../Core/Src/as5147.cpp:76:1: warning: no return statement in function returning non-void [-Wreturn-type]
   76 | }
      | ^
../Core/Src/main.cpp:72:31: error: 'GPID_PIN_4' was not declared in this scope; did you mean 'GPIO_PIN_4'?
   72 | AS5147 encoder(&hspi1, GPIOA, GPID_PIN_4);
      |                               ^~~~~~~~~~
      |                               GPIO_PIN_4
../Core/Src/main.cpp: In function 'int main()':
../Core/Src/main.cpp:115:53: error: no matching function for call to 'AS5147::angleMap(uint16_t&)'
  115 |   zero_position_map = encoder.angleMap(zero_position);
      |                                                     ^
In file included from ../Core/Src/main.cpp:26:
../Core/Inc/as5147.h:91:11: note: candidate: 'uint16_t AS5147::angleMap()'
   91 |  uint16_t angleMap();
      |           ^~~~~~~~
../Core/Inc/as5147.h:91:11: note:   candidate expects 0 arguments, 1 provided
../Core/Src/main.cpp:125:55: error: no matching function for call to 'AS5147::angleMap(uint16_t&)'
  125 |    uint16_t angle_map = encoder.angleMap(current_angle);
      |                                                       ^
In file included from ../Core/Src/main.cpp:26:
../Core/Inc/as5147.h:91:11: note: candidate: 'uint16_t AS5147::angleMap()'
   91 |  uint16_t angleMap();
      |           ^~~~~~~~
../Core/Inc/as5147.h:91:11: note:   candidate expects 0 arguments, 1 provided
../Core/Src/as5147.cpp: In function 'uint8_t error()':
../Core/Src/as5147.cpp:85:9: error: 'errorFlag' was not declared in this scope
   85 |  return errorFlag;
      |         ^~~~~~~~~
../Core/Src/as5147.cpp: In member function 'uint8_t AS5147::checkerror()':
../Core/Src/as5147.cpp:96:1: warning: no return statement in function returning non-void [-Wreturn-type]
   96 | }
      | ^
../Core/Src/as5147.cpp: In function 'uint16_t getZeroPosition()':
../Core/Src/as5147.cpp:103:9: error: 'position' was not declared in this scope
  103 |  return position;
      |         ^~~~~~~~
../Core/Src/main.cpp:127:21: error: 'current_angle_map' was not declared in this scope; did you mean 'current_angle'?
  127 |    uint16_t angle = current_angle_map - zero_position_map;
      |                     ^~~~~~~~~~~~~~~~~
      |                     current_angle
../Core/Src/main.cpp:128:21: error: 'class AS5147' has no member named 'normalize_angle'
  128 |    angle  = encoder.normalize_angle(angle);
      |                     ^~~~~~~~~~~~~~~
../Core/Src/main.cpp:132:16: error: 'class AS5147' has no member named 'error'
  132 |    if (encoder.error()){
      |                ^~~~~
../Core/Src/as5147.cpp: At global scope:
../Core/Src/as5147.cpp:122:10: error: no declaration matches 'uint16_t AS5147::angleMap(uint16_t)'
  122 | uint16_t AS5147::angleMap(uint16_t angle){
      |          ^~~~~~
In file included from ../Core/Src/as5147.cpp:13:
../Core/Inc/as5147.h:91:11: note: candidate is: 'uint16_t AS5147::angleMap()'
   91 |  uint16_t angleMap();
      |           ^~~~~~~~
../Core/Src/main.cpp:125:13: warning: unused variable 'angle_map' [-Wunused-variable]
  125 |    uint16_t angle_map = encoder.angleMap(current_angle);
      |             ^~~~~~~~~
../Core/Inc/as5147.h:21:7: note: 'class AS5147' defined here
   21 | class AS5147{
      |       ^~~~~~
../Core/Src/as5147.cpp: In member function 'uint16_t AS5147::systime()':
../Core/Src/as5147.cpp:135:1: warning: no return statement in function returning non-void [-Wreturn-type]
  135 | }
      | ^
make: *** [Core/Src/subdir.mk:43: Core/Src/main.o] Error 1
make: *** [Core/Src/subdir.mk:41: Core/Src/as5147.o] Error 1
"make -j8 all" terminated with exit code 2. Build might be incomplete.
16:34:23 **** Incremental Build of configuration Debug for project NOVUS ****
make -j8 all 
arm-none-eabi-gcc "../Core/Src/Controller/setup.c" -mcpu=cortex-m4 -std=gnu11 -g3 -DDEBUG -DUSE_HAL_DRIVER -DSTM32G431xx -c -I../Core/Inc -I../Drivers/STM32G4xx_HAL_Driver/Inc -I../Drivers/STM32G4xx_HAL_Driver/Inc/Legacy -I../Drivers/CMSIS/Device/ST/STM32G4xx/Include -I../Drivers/CMSIS/Include -O0 -ffunction-sections -fdata-sections -Wall -fstack-usage -MMD -MP -MF"Core/Src/Controller/setup.d" -MT"Core/Src/Controller/setup.o" --specs=nano.specs -mfpu=fpv4-sp-d16 -mfloat-abi=hard -mthumb -o "Core/Src/Controller/setup.o"
arm-none-eabi-g++ "../Core/Src/as5147.cpp" -mcpu=cortex-m4 -std=gnu++14 -g3 -DDEBUG -DUSE_HAL_DRIVER -DSTM32G431xx -c -I../Core/Inc -I../Drivers/STM32G4xx_HAL_Driver/Inc -I../Drivers/STM32G4xx_HAL_Driver/Inc/Legacy -I../Drivers/CMSIS/Device/ST/STM32G4xx/Include -I../Drivers/CMSIS/Include -O0 -ffunction-sections -fdata-sections -fno-exceptions -fno-rtti -fno-use-cxa-atexit -Wall -fstack-usage -MMD -MP -MF"Core/Src/as5147.d" -MT"Core/Src/as5147.o" --specs=nano.specs -mfpu=fpv4-sp-d16 -mfloat-abi=hard -mthumb -o "Core/Src/as5147.o"
arm-none-eabi-g++ "../Core/Src/main.cpp" -mcpu=cortex-m4 -std=gnu++14 -g3 -DDEBUG -DUSE_HAL_DRIVER -DSTM32G431xx -c -I../Core/Inc -I../Drivers/STM32G4xx_HAL_Driver/Inc -I../Drivers/STM32G4xx_HAL_Driver/Inc/Legacy -I../Drivers/CMSIS/Device/ST/STM32G4xx/Include -I../Drivers/CMSIS/Include -O0 -ffunction-sections -fdata-sections -fno-exceptions -fno-rtti -fno-use-cxa-atexit -Wall -fstack-usage -MMD -MP -MF"Core/Src/main.d" -MT"Core/Src/main.o" --specs=nano.specs -mfpu=fpv4-sp-d16 -mfloat-abi=hard -mthumb -o "Core/Src/main.o"
arm-none-eabi-gcc "../Core/Src/stm32g4xx_hal_msp.c" -mcpu=cortex-m4 -std=gnu11 -g3 -DDEBUG -DUSE_HAL_DRIVER -DSTM32G431xx -c -I../Core/Inc -I../Drivers/STM32G4xx_HAL_Driver/Inc -I../Drivers/STM32G4xx_HAL_Driver/Inc/Legacy -I../Drivers/CMSIS/Device/ST/STM32G4xx/Include -I../Drivers/CMSIS/Include -O0 -ffunction-sections -fdata-sections -Wall -fstack-usage -MMD -MP -MF"Core/Src/stm32g4xx_hal_msp.d" -MT"Core/Src/stm32g4xx_hal_msp.o" --specs=nano.specs -mfpu=fpv4-sp-d16 -mfloat-abi=hard -mthumb -o "Core/Src/stm32g4xx_hal_msp.o"
arm-none-eabi-gcc "../Core/Src/stm32g4xx_it.c" -mcpu=cortex-m4 -std=gnu11 -g3 -DDEBUG -DUSE_HAL_DRIVER -DSTM32G431xx -c -I../Core/Inc -I../Drivers/STM32G4xx_HAL_Driver/Inc -I../Drivers/STM32G4xx_HAL_Driver/Inc/Legacy -I../Drivers/CMSIS/Device/ST/STM32G4xx/Include -I../Drivers/CMSIS/Include -O0 -ffunction-sections -fdata-sections -Wall -fstack-usage -MMD -MP -MF"Core/Src/stm32g4xx_it.d" -MT"Core/Src/stm32g4xx_it.o" --specs=nano.specs -mfpu=fpv4-sp-d16 -mfloat-abi=hard -mthumb -o "Core/Src/stm32g4xx_it.o"
arm-none-eabi-gcc "../Core/Src/syscalls.c" -mcpu=cortex-m4 -std=gnu11 -g3 -DDEBUG -DUSE_HAL_DRIVER -DSTM32G431xx -c -I../Core/Inc -I../Drivers/STM32G4xx_HAL_Driver/Inc -I../Drivers/STM32G4xx_HAL_Driver/Inc/Legacy -I../Drivers/CMSIS/Device/ST/STM32G4xx/Include -I../Drivers/CMSIS/Include -O0 -ffunction-sections -fdata-sections -Wall -fstack-usage -MMD -MP -MF"Core/Src/syscalls.d" -MT"Core/Src/syscalls.o" --specs=nano.specs -mfpu=fpv4-sp-d16 -mfloat-abi=hard -mthumb -o "Core/Src/syscalls.o"
arm-none-eabi-gcc "../Core/Src/sysmem.c" -mcpu=cortex-m4 -std=gnu11 -g3 -DDEBUG -DUSE_HAL_DRIVER -DSTM32G431xx -c -I../Core/Inc -I../Drivers/STM32G4xx_HAL_Driver/Inc -I../Drivers/STM32G4xx_HAL_Driver/Inc/Legacy -I../Drivers/CMSIS/Device/ST/STM32G4xx/Include -I../Drivers/CMSIS/Include -O0 -ffunction-sections -fdata-sections -Wall -fstack-usage -MMD -MP -MF"Core/Src/sysmem.d" -MT"Core/Src/sysmem.o" --specs=nano.specs -mfpu=fpv4-sp-d16 -mfloat-abi=hard -mthumb -o "Core/Src/sysmem.o"
arm-none-eabi-gcc "../Core/Src/system_stm32g4xx.c" -mcpu=cortex-m4 -std=gnu11 -g3 -DDEBUG -DUSE_HAL_DRIVER -DSTM32G431xx -c -I../Core/Inc -I../Drivers/STM32G4xx_HAL_Driver/Inc -I../Drivers/STM32G4xx_HAL_Driver/Inc/Legacy -I../Drivers/CMSIS/Device/ST/STM32G4xx/Include -I../Drivers/CMSIS/Include -O0 -ffunction-sections -fdata-sections -Wall -fstack-usage -MMD -MP -MF"Core/Src/system_stm32g4xx.d" -MT"Core/Src/system_stm32g4xx.o" --specs=nano.specs -mfpu=fpv4-sp-d16 -mfloat-abi=hard -mthumb -o "Core/Src/system_stm32g4xx.o"
In file included from ../Core/Src/Controller/setup.c:19:
../Core/Inc/Controller/setup.h:140:23: error: unknown type name 'uint16_t'
  140 | float getStickPercent(uint16_t stick_pos);
      |                       ^~~~~~~~
../Core/Inc/Controller/setup.h:141:22: error: unknown type name 'uint16_t'
  141 | float getStickVector(uint16_t stick_pos);
      |                      ^~~~~~~~
../Core/Inc/Controller/setup.h:160:20: error: unknown type name 'RC'
  160 | SPT_Value setpoint(RC rc);
      |                    ^~
../Core/Inc/Controller/setup.h:162:16: error: unknown type name 'uint16_t'
  162 | float setSpeed(uint16_t throttle);
      |                ^~~~~~~~
../Core/Inc/Controller/setup.h:163:20: error: unknown type name 'uint16_t'
  163 | float setAmplitude(uint16_t roll_stick_pos, uint16_t pitch_stick_pos);
      |                    ^~~~~~~~
../Core/Inc/Controller/setup.h:163:45: error: unknown type name 'uint16_t'
  163 | float setAmplitude(uint16_t roll_stick_pos, uint16_t pitch_stick_pos);
      |                                             ^~~~~~~~
../Core/Inc/Controller/setup.h:164:22: error: unknown type name 'uint16_t'
  164 | float setCyclicShift(uint16_t roll_stick_pos, uint16_t pitch_stick_pos);
      |                      ^~~~~~~~
../Core/Inc/Controller/setup.h:164:47: error: unknown type name 'uint16_t'
  164 | float setCyclicShift(uint16_t roll_stick_pos, uint16_t pitch_stick_pos);
      |                                               ^~~~~~~~
../Core/Src/Controller/setup.c:96:23: error: unknown type name 'uint16_t'
   96 | float getStickPercent(uint16_t stick_pos){
      |                       ^~~~~~~~
../Core/Src/Controller/setup.c:109:22: error: unknown type name 'uint16_t'
  109 | float getStickVector(uint16_t stick_pos){
      |                      ^~~~~~~~
../Core/Src/Controller/setup.c:160:20: error: unknown type name 'RC'
  160 | SPT_Value setpoint(RC rc){
      |                    ^~
../Core/Src/Controller/setup.c:179:16: error: unknown type name 'uint16_t'
  179 | float setSpeed(uint16_t throttle){
      |                ^~~~~~~~
../Core/Src/Controller/setup.c:194:20: error: unknown type name 'uint16_t'
  194 | float setAmplitude(uint16_t roll_stick_pos, uint16_t pitch_stick_pos){
      |                    ^~~~~~~~
../Core/Src/Controller/setup.c:194:45: error: unknown type name 'uint16_t'
  194 | float setAmplitude(uint16_t roll_stick_pos, uint16_t pitch_stick_pos){
      |                                             ^~~~~~~~
../Core/Src/Controller/setup.c:211:22: error: unknown type name 'uint16_t'
  211 | float setCyclicShift(uint16_t roll_stick_pos, uint16_t pitch_stick_pos){
      |                      ^~~~~~~~
../Core/Src/Controller/setup.c:211:47: error: unknown type name 'uint16_t'
  211 | float setCyclicShift(uint16_t roll_stick_pos, uint16_t pitch_stick_pos){
      |                                               ^~~~~~~~
make: *** [Core/Src/Controller/subdir.mk:24: Core/Src/Controller/setup.o] Error 1
make: *** Waiting for unfinished jobs....
../Core/Src/stm32g4xx_hal_msp.c: In function 'HAL_TIM_MspPostInit':
../Core/Src/stm32g4xx_hal_msp.c:189:27: error: 'PWM_Pin' undeclared (first use in this function)
  189 |     GPIO_InitStruct.Pin = PWM_Pin;
      |                           ^~~~~~~
../Core/Src/stm32g4xx_hal_msp.c:189:27: note: each undeclared identifier is reported only once for each function it appears in
../Core/Src/stm32g4xx_hal_msp.c:194:19: error: 'PWM_GPIO_Port' undeclared (first use in this function); did you mean 'PWR_GPIO_B'?
  194 |     HAL_GPIO_Init(PWM_GPIO_Port, &GPIO_InitStruct);
      |                   ^~~~~~~~~~~~~
      |                   PWR_GPIO_B
../Core/Src/stm32g4xx_hal_msp.c: In function 'HAL_UART_MspInit':
../Core/Src/stm32g4xx_hal_msp.c:246:27: error: 'PC_OUTPUT_Pin' undeclared (first use in this function)
  246 |     GPIO_InitStruct.Pin = PC_OUTPUT_Pin|Spectrum_RC_Pin;
      |                           ^~~~~~~~~~~~~
../Core/Src/as5147.cpp:18:1: error: no declaration matches 'AS5147::AS5147(SPI_HandleTypeDef*, GPIO_TypeDef*, uint16_t)'
   18 | AS5147::AS5147(SPI_HandleTypeDef* hspi, GPIO_TypeDef* arg_ps, uint16_t arg_cs){
      | ^~~~~~
In file included from ../Core/Src/as5147.cpp:13:
../Core/Inc/as5147.h:21:7: note: candidates are: 'constexpr AS5147::AS5147(AS5147&&)'
   21 | class AS5147{
      |       ^~~~~~
../Core/Inc/as5147.h:21:7: note:                 'constexpr AS5147::AS5147(const AS5147&)'
../Core/Inc/as5147.h:21:7: note:                 'AS5147::AS5147()'
../Core/Inc/as5147.h:21:7: note: 'class AS5147' defined here
../Core/Src/as5147.cpp: In member function 'uint16_t AS5147::RawPos()':
../Core/Src/as5147.cpp:58:1: warning: no return statement in function returning non-void [-Wreturn-type]
   58 | }
      | ^
../Core/Src/as5147.cpp: At global scope:
../Core/Src/as5147.cpp:60:10: error: no declaration matches 'uint16_t AS5147::pos()'
   60 | uint16_t AS5147::pos(){
      |          ^~~~~~
In file included from ../Core/Src/as5147.cpp:13:
../Core/Inc/as5147.h:61:6: note: candidate is: 'int AS5147::pos()'
   61 |  int pos();
      |      ^~~
../Core/Inc/as5147.h:21:7: note: 'class AS5147' defined here
   21 | class AS5147{
      |       ^~~~~~
../Core/Src/as5147.cpp: In member function 'uint16_t AS5147::getState()':
../Core/Src/as5147.cpp:76:1: warning: no return statement in function returning non-void [-Wreturn-type]
   76 | }
      | ^
../Core/Src/main.cpp:72:31: error: 'GPID_PIN_4' was not declared in this scope; did you mean 'GPIO_PIN_4'?
   72 | AS5147 encoder(&hspi1, GPIOA, GPID_PIN_4);
      |                               ^~~~~~~~~~
      |                               GPIO_PIN_4
../Core/Src/stm32g4xx_hal_msp.c:246:41: error: 'Spectrum_RC_Pin' undeclared (first use in this function); did you mean 'SpectrumRC_Pin'?
  246 |     GPIO_InitStruct.Pin = PC_OUTPUT_Pin|Spectrum_RC_Pin;
      |                                         ^~~~~~~~~~~~~~~
      |                                         SpectrumRC_Pin
../Core/Src/main.cpp: In function 'int main()':
../Core/Src/main.cpp:115:53: error: no matching function for call to 'AS5147::angleMap(uint16_t&)'
  115 |   zero_position_map = encoder.angleMap(zero_position);
      |                                                     ^
In file included from ../Core/Src/main.cpp:26:
../Core/Inc/as5147.h:91:11: note: candidate: 'uint16_t AS5147::angleMap()'
   91 |  uint16_t angleMap();
      |           ^~~~~~~~
../Core/Inc/as5147.h:91:11: note:   candidate expects 0 arguments, 1 provided
../Core/Src/as5147.cpp: In function 'uint8_t error()':
../Core/Src/as5147.cpp:85:9: error: 'errorFlag' was not declared in this scope
   85 |  return errorFlag;
      |         ^~~~~~~~~
../Core/Src/main.cpp:125:55: error: no matching function for call to 'AS5147::angleMap(uint16_t&)'
  125 |    uint16_t angle_map = encoder.angleMap(current_angle);
      |                                                       ^
In file included from ../Core/Src/main.cpp:26:
../Core/Inc/as5147.h:91:11: note: candidate: 'uint16_t AS5147::angleMap()'
   91 |  uint16_t angleMap();
      |           ^~~~~~~~
../Core/Inc/as5147.h:91:11: note:   candidate expects 0 arguments, 1 provided
../Core/Src/as5147.cpp: In member function 'uint8_t AS5147::checkerror()':
../Core/Src/as5147.cpp:96:1: warning: no return statement in function returning non-void [-Wreturn-type]
   96 | }
      | ^
../Core/Src/stm32g4xx_hal_msp.c: In function 'HAL_UART_MspDeInit':
../Core/Src/stm32g4xx_hal_msp.c:322:28: error: 'PC_OUTPUT_Pin' undeclared (first use in this function)
  322 |     HAL_GPIO_DeInit(GPIOA, PC_OUTPUT_Pin|Spectrum_RC_Pin);
      |                            ^~~~~~~~~~~~~
../Core/Src/as5147.cpp: In function 'uint16_t getZeroPosition()':
../Core/Src/as5147.cpp:103:9: error: 'position' was not declared in this scope
  103 |  return position;
      |         ^~~~~~~~
../Core/Src/as5147.cpp: At global scope:
../Core/Src/as5147.cpp:122:10: error: no declaration matches 'uint16_t AS5147::angleMap(uint16_t)'
  122 | uint16_t AS5147::angleMap(uint16_t angle){
      |          ^~~~~~
In file included from ../Core/Src/as5147.cpp:13:
../Core/Inc/as5147.h:91:11: note: candidate is: 'uint16_t AS5147::angleMap()'
   91 |  uint16_t angleMap();
      |           ^~~~~~~~
../Core/Inc/as5147.h:21:7: note: 'class AS5147' defined here
   21 | class AS5147{
      |       ^~~~~~
../Core/Src/as5147.cpp: In member function 'uint16_t AS5147::systime()':
../Core/Src/as5147.cpp:135:1: warning: no return statement in function returning non-void [-Wreturn-type]
  135 | }
      | ^
../Core/Src/main.cpp:127:21: error: 'current_angle_map' was not declared in this scope; did you mean 'current_angle'?
  127 |    uint16_t angle = current_angle_map - zero_position_map;
      |                     ^~~~~~~~~~~~~~~~~
      |                     current_angle
../Core/Src/main.cpp:128:21: error: 'class AS5147' has no member named 'normalize_angle'
  128 |    angle  = encoder.normalize_angle(angle);
      |                     ^~~~~~~~~~~~~~~
../Core/Src/main.cpp:132:16: error: 'class AS5147' has no member named 'error'
  132 |    if (encoder.error()){
      |                ^~~~~
../Core/Src/main.cpp:125:13: warning: unused variable 'angle_map' [-Wunused-variable]
  125 |    uint16_t angle_map = encoder.angleMap(current_angle);
      |             ^~~~~~~~~
../Core/Src/stm32g4xx_hal_msp.c:322:42: error: 'Spectrum_RC_Pin' undeclared (first use in this function); did you mean 'SpectrumRC_Pin'?
  322 |     HAL_GPIO_DeInit(GPIOA, PC_OUTPUT_Pin|Spectrum_RC_Pin);
      |                                          ^~~~~~~~~~~~~~~
      |                                          SpectrumRC_Pin
make: *** [Core/Src/subdir.mk:41: Core/Src/as5147.o] Error 1
make: *** [Core/Src/subdir.mk:43: Core/Src/main.o] Error 1
make: *** [Core/Src/subdir.mk:45: Core/Src/stm32g4xx_hal_msp.o] Error 1
"make -j8 all" terminated with exit code 2. Build might be incomplete.
