16:51:53 **** Incremental Build of configuration Debug for project Novus ****
make -j12 all 
arm-none-eabi-gcc "../Core/Src/main.c" -mcpu=cortex-m4 -std=gnu11 -g3 -DDEBUG -DUSE_HAL_DRIVER -DSTM32G431xx -c -I../Core/Inc -I../Drivers/STM32G4xx_HAL_Driver/Inc -I../Drivers/STM32G4xx_HAL_Driver/Inc/Legacy -I../Drivers/CMSIS/Device/ST/STM32G4xx/Include -I../Drivers/CMSIS/Include -O0 -ffunction-sections -fdata-sections -Wall -fstack-usage -MMD -MP -MF"Core/Src/main.d" -MT"Core/Src/main.o" --specs=nano.specs -mfpu=fpv4-sp-d16 -mfloat-abi=hard -mthumb -o "Core/Src/main.o"
../Core/Src/main.c: In function 'HAL_TIM_PeriodElapsedCallback':
../Core/Src/main.c:529:12: warning: pointer targets in passing argument 1 of 'sprintf' differ in signedness [-Wpointer-sign]
  529 |    sprintf(buffer, "%f\t%f\t%d\r\n", motor.ang, motor.rpm, HAL_GetTick());
      |            ^~~~~~
      |            |
      |            uint8_t * {aka unsigned char *}
In file included from ../Core/Src/main.c:25:
c:\st\stm32cubeide_1.6.0\stm32cubeide\plugins\com.st.stm32cube.ide.mcu.externaltools.gnu-tools-for-stm32.9-2020-q2-update.win32_1.5.0.202011040924\tools\arm-none-eabi\include\stdio.h:244:14: note: expected 'char * restrict' but argument is of type 'uint8_t *' {aka 'unsigned char *'}
  244 | int sprintf (char *__restrict, const char *__restrict, ...)
      |              ^
../Core/Src/main.c:529:30: warning: format '%d' expects argument of type 'int', but argument 5 has type 'uint32_t' {aka 'long unsigned int'} [-Wformat=]
  529 |    sprintf(buffer, "%f\t%f\t%d\r\n", motor.ang, motor.rpm, HAL_GetTick());
      |                             ~^                             ~~~~~~~~~~~~~
      |                              |                             |
      |                              int                           uint32_t {aka long unsigned int}
      |                             %ld
arm-none-eabi-gcc -o "Novus.elf" @"objects.list"   -mcpu=cortex-m4 -T"F:\School\GraduateProject\git\novusTest\Novus\STM32G431KBTX_FLASH.ld" --specs=nosys.specs -Wl,-Map="Novus.map" -Wl,--gc-sections -static --specs=nano.specs -mfpu=fpv4-sp-d16 -mfloat-abi=hard -mthumb -u _printf_float -Wl,--start-group -lc -lm -Wl,--end-group
Finished building target: Novus.elf
 
arm-none-eabi-objdump -h -S  Novus.elf  > "Novus.list"
arm-none-eabi-objcopy  -O binary  Novus.elf  "Novus.bin"
arm-none-eabi-size   Novus.elf 
   text	   data	    bss	    dec	    hex	filename
  50060	    488	   5608	  56156	   db5c	Novus.elf
Finished building: default.size.stdout
 
Finished building: Novus.bin
 
Finished building: Novus.list
 

16:51:54 Build Finished. 0 errors, 2 warnings. (took 1s.73ms)

